<?xml version="1.0" encoding="UTF-8"?>
<!-- Generated by org.testng.reporters.JUnitXMLReporter -->
<testsuite ignored="2" hostname="kwsys4-HP-250-G8-Notebook-PC" failures="0" tests="1" name="Default test" time="35.514" errors="0" timestamp="22 Jan 2024 06:53:08 GMT">
  <testcase classname="scromFileUpload.Test.Test1" name="scromFileUpload" time="16.348"/>
  <testcase classname="scromFileUpload.Test.Test1" name="TestPart4" time="0.0">
    <ignored/>
  </testcase> <!-- TestPart4 -->
  <testcase classname="scromFileUpload.Test.Test1" name="Test" time="0.0">
    <ignored/>
  </testcase> <!-- Test -->
</testsuite> <!-- Default test -->
