<?xml version="1.0" encoding="UTF-8"?>
<testng-results ignored="2" total="3" passed="1" failed="0" skipped="0">
  <reporter-output>
  </reporter-output>
  <suite started-at="2024-01-22T06:52:32Z" name="Default suite" finished-at="2024-01-22T06:53:08Z" duration-ms="35514">
    <groups>
    </groups>
    <test started-at="2024-01-22T06:52:32Z" name="Default test" finished-at="2024-01-22T06:53:08Z" duration-ms="35514">
      <class name="scromFileUpload.Test.Test1">
        <test-method is-config="true" signature="launchApplication()[pri:0, instance:scromFileUpload.Test.Test1@60129b9a]" started-at="2024-01-22T06:52:32Z" name="launchApplication" finished-at="2024-01-22T06:52:51Z" duration-ms="19154" status="PASS">
          <reporter-output>
          </reporter-output>
        </test-method> <!-- launchApplication -->
        <test-method signature="scromFileUpload(java.util.HashMap)[pri:0, instance:scromFileUpload.Test.Test1@60129b9a]" started-at="2024-01-22T06:52:51Z" name="scromFileUpload" data-provider="getdata" finished-at="2024-01-22T06:53:08Z" duration-ms="16348" status="PASS">
          <params>
            <param index="0">
              <value>
                <![CDATA[{pass=sisshribha, email=omkar@krishworks.com}]]>
              </value>
            </param>
          </params>
          <reporter-output>
          </reporter-output>
        </test-method> <!-- scromFileUpload -->
        <test-method is-config="true" signature="tearDown()[pri:0, instance:scromFileUpload.Test.Test1@60129b9a]" started-at="2024-01-22T06:53:08Z" name="tearDown" finished-at="2024-01-22T06:53:08Z" duration-ms="0" status="PASS">
          <reporter-output>
          </reporter-output>
        </test-method> <!-- tearDown -->
      </class> <!-- scromFileUpload.Test.Test1 -->
    </test> <!-- Default test -->
  </suite> <!-- Default suite -->
</testng-results>
